1
0
0
409453734
377954749
343875149
965811228
162009397
559410681
106350769
19581991
612506856
210850050
688752182
932502860
370214323
45047078
144650313
198947343
701012258
747608330
350908915
129363675
191358850
118457977
334752689
181912393
743267345
82253699
474030969
145165874
924714655
345864158
738021104
465396664
978781506
660763655
153375900
676595715
559795067
939739866
728408860
778266168
845424971
7752132
700593414
261338148
811466010
89897195
387084895
700937639
327292986
629523270
809728374
894289390
931060311
112084167
528270639
965509296
512406475
259336927
940007829
649946541
727725307
95217971
115808690
383110536
775408092
318174373
825155486
609354754
602253852
233014970
755766712
927157054
234910158
897976852
782009888
163190126
894743329
644404197
584179510
189603639
14699545
128642266
170469662
703157571
157277220
25860067
85289043
903013154
624092777
335674067
676640523
843703929
514288429
16383972
561134913
23936572
740807886
804034431
36429818
612935232
352616907
95991409
286353329
497343542
51097447
565311177
108719970
778692893
866742764
991066540
813156686
787470682
64278731
842476498
314473314
660148358
723701390
166729548
434834306
132948318
893619182
575986393
954735485
288522781
37154821
181346123
112150816
438459208
957029296
356192294
754368730
481976222
883849235
576517505
159457611
903965221
874887716
203068169
53378347
551138434
251741388
246682422
126142488
863946256
44367848
611897993
749342316
867044364
575031653
793610880
778974829
289819306
700621196
643833407
69167824
183692069
223761917
333752198
27483105
307732202
122759923
705878688
437547364
475146163
474351941
655651141
337282171
243832651
861992425
118349316
516677272
484311781
130907745
548333201
718715473
169393173
0
29895862
144838680
182392878
906240043
467970949
210492909
276019401
943820844
862670936
847917385
542029455
752180198
815444703
619479704
822460354
290858912
589969475
268850663
391844255
570291128
589408866
202984946
309838787
148232369
976090950
21628086
556473906
267572383
34252912
992740437
207089299
974357560
797586864
274506355
359527003
296291254
997101083
133950383
354325417
996326394
121989286
15411123
40935656
564493185
329027406
689611315
603063047
520442500
682828189
684234766
528086057
259575834
367191836
127852283
951683440
518704762
863641524
782884719
819005026
907379894
603227256
531287779
226148751
406990830
972877228
708100562
261663262
626319849
105893364
790302532
135066195
971209617
263986027
341278575
296731185
631821104
589281607
830652266
517877779
366863974
88457935
692210911
602807788
988987734
183618669
503203031
932806778
542258086
368138729
657426969
163937395
233989356
910043325
178229847
839020689
455759173
488599039
898263726
915227210
972677781
893383382
39289697
782820136
706369827
525338524
459610164
796806303
131773716
430717626
311746953
671912493
26499569
634666000
536340377
107491589
420276240
267435058
947626479
223977122
33722201
377815091
166878218
740825625
681489648
902893126
652773653
142709383
495021563
0
643970076
895328196
416956079
782892132
99012365
662645531
768338883
295472547
97530142
193862143
196156206
692482395
652411213
272299640
296425233
202934212
55821154
991043428
54006561
936706890
641766281
552560326
902006739
141685552
101679876
448136549
196694945
277378664
584463395
42009809
0
905055005
152709654
134956785
866442906
115558879
419697189
242900956
16935424
252646340
944501477
999876531
57575764
61378669
911401084
170648897
541895209
190489318
562665202
633308311
577614723
979340511
366721510
386798018
609307636
641894279
937270755
667160691
323510241
618152348
723246133
732834210
570806977
972799613
196269435
757706695
949077001
33737318
890528904
921205024
78539539
305618294
924650937
881849076
174730772
349176083
4018585
887558605
319813351
64199499
416419776
799567126
59521623
882228286
682663250
949178050
532896876
841530843
778860194
481825072
346352876
175569461
944775636
268071088
113402072
355786114
245069498
6850774
49024911
577744062
346282739
342346388
237415773
142878677
200576928
795216962
463351729
531548909
183218964
668908332
684629854
172695676
980995928
695154691
807439992
503724598
571632738
736496612
821821391
496473050
747254350
220994384
96173919
218853304
48060442
479442466
825638968
95972123
502979034
37441461
573945418
298486081
732582534
264172288
413696488
205757852
144414960
650086672
332642207
274171589
115842573
216222492
493863620
395073317
991346239
846069445
56723347
312355269
828887573
319145986
226695772
559211239
205354948
0
530230775
661365409
13680594
760181238
508246267
228607196
889700021
628988102
27061746
351531229
401413499
611136758
141387949
207935428
143651432
308482182
206511251
824208556
854329898
728377604
84413887
138517162
917697197
983357283
448692878
162512794
805120021
898487095
669420095
491644113
818979942
766936667
879170145
684743296
410214920
375654417
975343158
808512932
921039548
402605249
803784421
35992366
821743726
944755814
288221078
547771567
950439672
132818912
57985234
220447049
653272495
389510897
549067064
557109980
377234645
651696940
937056170
981062230
720862107
895254599
43423350
961226536
593631180
844120974
808067684
936763467
500820400
566893811
753134313
664878772
901019574
193802951
483099847
983674400
992777844
406084720
704739655
670572265
880005035
0
588331120
844087255
561399676
412644625
572546527
506809605
96195724
974957455
805024641
221281315
487169314
697921931
523379772
246255990
921689403
786804309
490475729
471927273
667419120
639326554
857855168
138047939
537248535
702940956
465369422
976173781
516751748
235518231
903918294
27277201
669296370
113770254
891243675
176956506
440034176
317478917
937128521
568919778
729047680
486326292
691508592
797079833
832133172
569866238
610734951
935897153
709589892
809721551
882365961
493919597
605461579
974108145
122444184
250109215
328225744
34079452
347797245
936157241
444890010
835290992
353765032
192399490
956552299
550468759
48572772
480892199
176695804
556816390
990287948
606042174
93337198
694096795
814222797
936171064
428767769
931055981
356559829
142355724
967017136
617289180
96345245
595118639
174329882
203583320
712122746
577979089
523888638
70597020
715966543
323369429
431670125
569449764
456972255
784208361
572810518
507865595
279811171
535945649
271824289
434676047
23401368
980184014
959264193
634342073
38747209
496562064
28098635
787098368
163356246
287273432
122711725
489417552
424928652
809663859
401639826
727594933
579155622
176292570
832793746
968693345
797219095
551999189
687675660
445260211
989430247
556037833
270482995
776700349
686699109
777893263
370764793
850015647
32864832
327164156
335666754
643024215
0
235368316
392182113
682322491
947404156
231070107
963134336
51645989
581578600
118113841
532546774
497442528
898466209
497878552
2115216
431685349
233306747
855319593
837707712
987228053
95941199
216408303
396430653
8319024
980854138
0
965626838
10952066
934588770
422441538
874389665
83037562
395128379
59185907
162378487
667261429
743509386
183236061
782297186
457847255
26014213
438466655
280195813
780377412
727051769
68142524
864987729
402663799
948697645
150136637
799513320
172268491
753586388
581249492
520421797
707643055
329569276
793072342
808994556
682501397
181840607
990813986
596296356
350329003
682441607
616096866
272737854
96775256
132309981
902038743
135267939
14765244
644260938
555138380
726512418
930837454
0
916888300
906393402
129588101
941750185
359876859
591329583
145246759
788177720
979961610
978132551
785750823
500665097
395955584
378202994
784246102
854965860
744269228
842114651
541963288
25998776
952258496
386018233
975490527
893231982
957962873
855408837
390035455
664641398
230354874
895186829
446531604
861286735
71652323
494296291
412166972
337557462
413533676
190882161
899683701
939584202
531926506
250652919
597002947
308674017
690597468
366621160
368926227
657999381
971108911
453674280
752019716
160545738
0
84692039
779091160
486974814
317003931
125495485
461666321
856981725
412606143
200227958
96156360
535980811
828147134
963684601
942463861
864437858
153629205
0
211340117
101291956
119643493
564189918
524761089
880371476
5179514
814287900
205960236
496809411
39024027
9110771
689362734
214361687
53549157
737929024
799203945
898248833
295495909
941509247
932611180
977023581
810969090
150780786
633632555
865832984
164057359
941791848
319300288
671917674
310328936
393826003
610898405
586051458
39184893
879337943
134817504
220653813
629802577
439764678
134542003
767458108
500963355
403239695
931925062
326345061
480480949
584125547
540278772
440514214
423712223
590845510
277775511
837435399
557236026
750128770
333267571
53923831
350857737
34692874
906106020
603503205
879858149
513233648
592007499
700766946
364027130
343352013
31831867
772220661
138293800
423653798
20492872
819397679
228720810
650997814
0
905631820
322195387
937722393
692310115
150460207
529458816
877594122
233645800
565805328
970508874
462171202
272488800
404083846
259349452
148215963
211454920
235386839
638618790
909327529
878340606
442038332
92921667
614555860
52391671
150913196
709077678
669751030
141587809
852351596
9276799
655036778
257908392
36942840
515570871
989266478
579267678
90295989
813871753
401976391
152535895
664783315
457320315
678317835
561614529
246076866
402511561
283897738
707958906
530490142
447274174
890369851
178051002
702156911
671869625
299907787
662515910
455556987
602660400
23383578
696137440
704833231
906220908
282551082
367048324
24716230
0
618373924
844977739
453530659
886880282
714576661
460447922
836082374
41005657
540303153
885834199
380401133
329506266
898795844
469111513
528852508
54725778
544214800
977464375
708933977
6927645
223812182
500102097
331867616
383263169
14037259
329260798
438129526
621073513
467122701
845667948
142717174
200864328
279129430
849413214
61777341
297592592
664964463
206823510
446348845
625899073
142618588
92831058
67449996
0
183510929
511726835
991925160
981964936
744710035
230187088
833399116
696751947
186958483
807530885
215976986
372299133
542740070
798036757
9411792
13365782
937945573
975967921
719960721
669074326
224134684
129258547
133674874
716706440
46172922
540131467
642504920
119741401
44767877
701427369
134319972
227058856
727694683
91428417
15916825
144988387
382286549
654708741
92825065
435764292
496768189
84054674
140030093
855689610
887459863
258959394
456534631
419084580
675671530
520245370
651172278
493853120
588151423
459887483
996693696
612627166
967931324
361817304
442847462
633814099
836619092
0
506211180
307746577
947603731
869406864
339002060
132775444
829584895
362053659
487010955
719293187
942293460
150071326
902091507
609777727
842880685
692292877
916353349
269238325
53584178
655108770
527176353
26753300
528749213
495905817
966375266
129054785
564020315
552091845
301615502
242488721
891165876
987212949
876489551
889498980
583335924
500274987
921359258
0
519556446
206503310
625333409
241931625
256704476
373301191
937081348
509185878
127100463
271998473
600413768
334419535
990242069
625317085
325258860
901476110
738168298
782843156
709154032
605808479
900331711
586012725
221193868
643187894
315940312
322746743
759173100
13538465
41001195
49299119
337339189
66567872
348579098
608632358
952909803
585275438
74037791
349000166
665158268
724195813
24855053
190852081
851928660
39145703
617073743
652175598
858319277
685294929
27579089
209545653
364522921
740516520
776798704
733359754
743895125
796236706
924163621
363817342
617434899
433060352
794128932
62042774
711341258
298104208
99840321
75505190
643017068
6202027
768479438
279186944
157885168
829660345
482497119
829514191
91123899
912580321
802534982
765593303
75909061
911502289
83632349
830583410
26665615
51582813
567349654
510411687
497306462
781862776
164157665
509437240
380664040
226708384
934983159
960575055
48063533
986391026
329828755
128575487
288552463
791103240
663246555
458852411
57161286
725639754
843148432
233683126
105362307
513024490
576492237
468258627
663382615
929795438
536678838
55255001
697443001
469462954
548985616
298053770
187878843
163970869
265438044
266043190
85619907
980008681
739957647
407185824
217376921
907956455
175938757
646409597
703968784
207608020
176699412
400030500
364192571
31518768
447924669
239312108
653586547
684562408
947090851
403756055
93200132
892471950
508986120
483565060
697726420
180759110
744527732
206983551
174289995
387926081
515363559
163988102
605101310
665996637
30785206
519266126
498517041
437920262
491062093
704080057
690218043
226858561
279852819
221368230
669447494
382312209
294311529
811925019
743868318
228127280
512568415
357612487
346101301
756157695
703524253
559252513
624537807
746968018
152356983
871621628
503560743
382947152
429032159
752432538
224581106
85712069
282576273
129810854
111468345
334288047
750220104
125865464
316495465
504184784
635045049
211447382
327061555
151586255
321698334
113515226
951225997
282705400
587841987
296774526
172992512
136137862
17417012
400539561
682346159
999907575
83631061
235829090
13158861
530387262
315386186
119209301
372929505
405361675
74618665
302043924
660937941
317729508
92212181
888077666
189462141
3686886
389757056
543164564
673087020
31174660
485500025
694068459
423382506
960821201
976801074
685839252
639397080
805308578
480184742
244366557
29290774
429953330
372424671
573588850
785755672
446842202
279196123
567531750
198709639
871363713
177982013
449883407
962169834
312599256
306429264
816341050
679646471
470681584
633569591
307007234
571521370
757422451
654222546
97036359
57073144
47975277
713358876
811161664
48930722
266080440
674314055
694032831
369211589
535537093
893851715
892854014
167261583
283481030
248849959
962393507
85678105
777236521
583090437
959875009
565781913
66642666
618899837
684390197
815924544
130887501
668231302
716216492
760491149
723395563
249911736
474011442
619467807
793721260
168574305
194870677
817625364
541982427
989788103
639427304
0
919615945
714459913
672475045
504560234
676327667
424379215
710020249
967331551
379404331
610290639
278544189
516975867
326324764
644259382
162335186
138909340
396213846
603667532
65312511
415628162
951582326
717362459
95279018
55218530
897936978
153325142
607976308
239009204
300845184
869765651
67937450
314909427
852442389
549937395
596260237
323342628
104908248
653791929
100597127
747437540
220262993
976023775
285065663
355769025
0
463620774
5701351
390107579
492004005
372910444
152756880
775163795
265455300
51288059
289798959
983541386
718677030
817625727
415760710
897143491
132730912
901105781
637166755
588380036
474977419
349982326
484759816
433722529
963398183
693414034
453452305
815815073
971538359
155983463
741262171
815963691
688069481
382444142
19668706
895522191
560771906
83358832
952645045
891761644
110661787
249362586
207620433
110033804
233481252
911660339
435843787
599885560
182304468
956832715
759357823
465885833
626113615
950405371
258460444
316371189
257285032
827585895
897067745
740031952
15533775
841190423
229480165
555249483
152573200
297386641
72000594
625434261
545841390
378199232
452670251
823761292
52372902
30812977
903228796
247519091
354802823
415890728
490469871
738095118
7656347
73381782
186541754
609637991
713978355
409409051
916058250
442280657
174555295
258278261
918600505
374665899
750425154
0
511499780
377263303
580961791
233899860
675382262
404247514
599928502
716236195
91935489
674305107
734176534
815683758
769746321
561530169
168711732
595617144
822871426
540553319
280123949
480822673
68743379
466680035
68990372
321686017
209074851
854632002
890615351
278670219
648655981
330827320
261653833
920342331
891410717
103708814
18398639
254824085
901344346
248755562
403069285
403212584
301573619
886116673
133536909
289243988
885867768
817583599
793742457
183502699
919981350
320772877
812758939
961888587
5705810
950815190
842567317
421047211
734035941
847827164
405661837
687098438
421339750
464689582
778740838
13957963
805408130
143496680
690776100
641355619
160715788
846733266
647855753
711081407
554678072
93476379
309561273
488339982
251057359
470950088
342883468
364411592
436118938
192017424
980128940
182951413
757572228
379097893
866568194
49861262
905600235
776110566
139218085
669762038
516534607
173744443
452643271
63487241
452536705
649260942
988942257
213376877
465705260
806844565
434367186
875561414
881493644
232711455
359878387
330175234
938778970
188611094
241383977
252228227
593995431
408291550
378663926
333376690
898663181
825641896
122808311
299062823
785643955
41568168
10206288
797369162
192842087
393974448
689764531
109348600
402033315
256306186
634531251
818222848
462418581
172304043
393057724
637753896
497657226
311548099
592729446
242598875
545188801
400428498
375716880
836596851
458992403
825801675
727906079
423818010
565882177
97766954
703946960
85145600
446766162
194016753
167012298
469038563
565699643
303037955
150763309
160048115
129429113
202526855
853932798
996228029
384451776
712058997
719242795
526638945
947925546
120629303
745533898
960790861
828290943
733387629
695977401
198442435
811945613
631120525
323806793
62600903
875820255
53052939
898128854
630196794
661095466
324779574
398111664
0
53409502
640863153
35827999
279820272
776339176
37908498
535196005
633751555
121034632
840884491
176857695
812678223
36379364
257961649
37020422
733092287
62941291
914795805
826034407
398046166
792146631
765819379
572363406
773020335
960799119
99317092
179941534
138411954
238039656
552625817
809627063
997295745
492054044
817819932
350873258
675787817
946503158
960316471
516758260
910082464
854895304
266808051
847929542
230731387
676224994
236330045
335526653
782313943
87017818
868660481
988293465
648152801
452572717
495047661
151601310
342285923
386863170
341205738
3152860
381053840
638315157
302783769
614853352
783683870
267776902
76277217
950365214
709480149
365433588
455282633
104886221
388805811
213875188
666413916
170515305
825507266
845705198
249477208
73492923
630469493
853854950
790313236
152823091
71627084
197669929
910951497
312150504
311196293
455173934
846738332
269380572
45726814
798358351
986426519
541607513
821298107
18072799
699708798
203411054
661481864
756304828
63818794
839274442
691235930
972012192
290475360
238329181
969026103
96138214
32387713
70498664
961328685
91077950
818202917
392215354
123825817
705539997
335992137
861346738
980788307
171155391
614086633
847035063
621555827
109780318
968739866
938543574
521360444
963895079
327260964
865397633
594831557
715828741
77076498
191513618
926448359
570152408
932280535
550359885
169797791
470711601
122648649
339618977
622700729
560187734
366287813
594389000
960103507
179704934
120097831
641129882
496608725
799978458
370352913
292151065
604122756
926634628
26487718
37769244
137832478
260229720
391529500
503268883
890577810
181552159
239322489
717471675
34701065
661193382
302557264
484820211
354246269
0
817747208
362593472
204600719
745908991
234664164
646863209
224740729
384638202
504008193
344065027
981545415
97399239
805600294
685198120
587866188
168200663
306193751
719372373
519589976
480981735
156955311
457452636
553506773
362109642
730744538
42486935
745735328
911996622
123612387
327997801
699031114
706514820
158409761
373177350
267507006
77286518
52674737
242740349
686585916
94153287
137452913
872677274
693430322
224092224
927110156
500011456
482164723
5109787
653049537
657642467
973553352
121606885
313632356
43426391
269859846
821564627
825129318
464561394
512737414
903219046
537419599
856418783
889290287
711172675
167568217
966254115
407995593
508926787
220567514
858536127
947391225
100611001
303776913
378055997
7135881
583468554
735633243
602494968
184685713
910804221
246098249
429214702
571779063
110962606
593253446
808829399
954012246
410292263
783156488
741615235
864910985
928726285
612609060
972029595
830290568
5916195
427110655
541914541
663297757
172037287
122835096
295714612
354278541
820196489
824880236
328987481
547784878
292130493
932287225
572449767
56369342
413930544
871348541
910239850
718598251
988242692
753530029
695586377
320719776
14412339
609898181
313652535
372972825
475902772
849070584
262272968
542910966
636167874
520484981
320442389
214940205
182296197
990481596
322260857
391732077
420853842
762237702
912778376
308076729
339252622
900691053
970117619
807445733
698803863
151379909
70489813
728119796
15987550
609772814
86292169
953599665
479846193
308346635
452727772
550350341
868833852
420309431
709704846
830460424
893749681
88704253
356107561
337902491
32692362
588645567
797742928
138326847
643824762
870538321
89654077
523541007
235359193
833254227
887418544
960194295
299948281
756300141
662498716
16888511
440361891
654943097
887712630
150288748
839108353
59094605
600067957
275838502
714605508
316674570
181971705
453928879
619379317
375839027
155974118
365624237
854451580
562560379
834920643
549369360
434273111
890188047
489224012
581476105
143656919
399244264
301058146
302099219
830273240
958923656
884154246
864770944
281837801
119019181
875576899
748726517
518470412
724944530
760597730
57698217
233016823
853319401
186202179
523240955
701922100
394516343
739503432
823821281
88312914
597690977
284742727
767561263
271472053
637083758
867060440
564575525
135622447
151942013
304189054
683183525
177981285
529394443
252078698
103177419
116210871
0
438033753
496729321
74128918
89107756
117696568
177941289
19721279
748577796
981391723
320738355
40634243
189167260
344039344
995333110
425160002
756694341
772857456
887956784
521023431
782338955
0
289954409
913938392
79607598
914783352
154035332
621035872
673287078
501276715
762225934
49222610
901212358
728415827
825471477
363264393
683249407
458385150
328493618
63722138
986031206
68319644
855589500
168947022
703923824
185380259
959737099
794663110
232802129
148574744
421765034
321319442
259720336
65204086
624392067
247150941
993811556
605413309
665084467
551632491
666488141
322017501
366703902
667253374
9837542
867553490
467014255
977403047
572804960
511704006
988478773
988897619
748801732
233232372
0
326651021
777880931
968967115
730594438
391819934
950842528
445843548
94015573
998102080
665743064
339126101
604566272
807901514
721903588
818199245
121175249
818427321
337932617
465556609
291700691
33485414
28963727
136817278
421950576
994957316
423137929
175909032
832115539
87451052
370148339
854246831
438372613
254365874
352653070
721239973
945416451
638495227
803361331
509341775
783942710
988385412
311381448
789511884
992123329
420793105
24560062
475761159
788485096
923914726
429433348
598877508
865078492
197465115
106940744
485228888
336834713
772013396
334039615
84750285
36671583
442985200
368681681
796790087
66148613
839103107
25934744
676726830
474431955
504243087
772283735
907104700
737449846
776264657
758023963
319046269
341533728
422569773
615679420
596391263
868949754
869758546
9225499
934291767
56997365
196954983
193216898
815271539
19189817
563975478
955524123
687908447
588598300
182379001
804431980
341488817
695880033
940954630
934357237
443543997
95215177
201465365
54140650
918634695
291473771
575514696
112884328
567070345
268803817
504648887
658601792
830426059
543346610
929125323
27419801
968568876
107164588
110525581
488255750
910064832
103567731
120465607
4961469
603623330
339017878
346940994
426744790
800787971
54802404
209218697
600713905
285929633
270025596
678900162
675235651
843862730
255360145
914052259
782800185
375834697
163174931
875888452
450345129
96159090
613751187
549723199
342090070
485360475
0
766670847
456134194
952819499
979842886
19778906
20052755
83167778
163147811
708818214
398866323
643358980
263035221
628085145
759816306
357619124
585363670
607766030
725650609
735177072
618022597
218042291
442771570
339158638
564690624
556180402
420875452
299048336
869662049
704686161
71624483
639917503
656409542
650908827
766761715
433428109
185791641
764290659
122436418
140083706
153980459
113068324
682064291
857056294
533160260
728189259
910225097
755363184
154760379
493777908
565183794
497294184
0
866931331
352700714
663979287
984686330
123898097
370930345
558724784
162825750
688561978
753056986
852578706
344090294
77192
271891551
496672505
390791833
921400292
65447231
883594031
664591705
822924602
282462041
290605757
976330199
250566150
857581622
824844754
480963290
279664871
109651411
549092907
762278001
478189654
532861618
152031596
713311102
682001225
720010677
580133148
908702593
502758350
289508070
642841414
575969060
282365249
188144866
342861752
802096329
350476037
225601327
460664334
513967391
150977442
448077275
483616411
551900377
53787312
639501604
170230564
282304214
877154947
419938436
60603584
559614190
138589347
913464538
17632581
108627754
347620617
265429559
476886182
972119214
132277132
153038260
866113205
292671243
178051575
944234647
16603616
436285783
886016071
69827106
349677671
486284907
944565061
534056745
359097645
677151327
961139433
487971747
701381666
979544021
337902027
164753780
95017387
645981501
25118422
342675574
737135594
418927586
204691910
847455590
730296735
168235519
236848859
760416629
554293400
844978649
841757866
91112354
75401165
196531446
690267650
750081892
15549092
835902326
752473104
425516721
117724579
143659392
701187734
48820772
462674643
247125324
738244525
957521433
962816975
941984447
535051411
426561971
28840293
104765896
547496591
324422242
630014976
197289321
693269803
253845927
913090132
225624149
204367409
557321585
526739978
388517575
922647330
559351125
21743864
449331674
12799385
822623918
995025782
828603366
670354032
585833483
458503239
59914569
919577228
431872133
560533808
815311167
78955848
173970487
121158342
190969830
924389175
800356154
936036809
756369109
309677794
46890829
822765627
733744106
673410058
703908380
340390738
61328513
222524807
923508774
61143472
379408757
232409681
301702745
916398440
118765298
547492675
629305081
611353978
826508174
758019154
734975114
974793984
574735726
73775936
625588141
13261830
480567543
570909866
0
209640548
0
277771752
579245054
944950543
574380700
608333874
404105678
427565228
882762354
977021932
922544763
440821657
383830313
577941566
795048413
290042112
398093970
427395307
92447317
113955900
394214395
340052888
661881232
361552824
26391217
59055991
952542626
343639078
383711447
395128460
153566759
461387515
844147324
864382133
218361270
261808623
503287697
793018078
29763643
871458183
327235891
812197442
374981226
829848599
399861239
944287265
262422918
929075367
838291184
121644735
40374485
471600466
945147424
0
567130167
80805619
580009268
3747882
524149717
408719710
410487734
755776468
79722598
141274285
542396373
367626802
6240294
949030286
847768099
678411414
578576417
224550237
575602523
474418736
416498922
799844532
508841635
86959936
858491198
908639703
295026552
365000497
779024054
366463838
576303165
415829652
635511504
473748898
118605582
906486186
62356517
448002375
996771419
926286728
366489733
634677257
145677635
20318695
949937113
821661508
767584108
824392287
313276766
431559321
471458302
215980896
767133113
652274462
609378281
88100412
636073909
88700757
311546437
561845515
143404383
929443041
482617651
354820983
628098046
576390582
542051521
370021030
968480995
333574333
34657629
813004573
520841116
713351323
713235653
101637152
601645809
697921591
126854871
439442448
707538298
678943667
886256585
919871519
505386783
757951073
308790393
196617690
188572577
12758038
213325299
901228798
497756077
483148243
602663368
213088994
447945783
53344191
495510764
621479735
715576845
459743588
190548303
11461516
159215919
952692266
312265058
194521501
206861301
738355203
900438986
72340796
29869654
830902547
27624404
628330418
244942238
785504201
822000550
344105649
80637168
530831416
609753375
549820988
765206924
137187335
186987812
899708215
206021070
38741382
756857121
171689623
650559932
170908960
364262708
630241583
0
20104350
174439521
717842221
777056146
820074158
792018902
217472300
458702700
876216810
412407658
607910536
539347327
360715962
173014237
237442737
198294384
422058575
385904824
411704990
509064591
239039654
584509835
931792564
607790616
948025017
97946963
296923879
496531286
413160330
255170045
27329485
488360345
958169797
36772362
665780909
25871591
862591402
529167161
414270035
638432937
929308269
221884708
667867422
209301951
385345494
857379966
650072330
674816579
619918616
462223409
152503328
388892234
559037904
222775043
358295698
777216917
159621253
715325879
976114528
40382047
368587965
634788645
54276552
355258097
412333188
368512032
730993284
116475312
328490157
916529277
237664497
850378318
354674735
970946833
369357774
965668223
852296846
53505923
906419931
714825105
467594784
415058912
74028820
689294823
795164959
253757768
601294400
397307122
544688952
81367013
71931488
747041406
459706922
778121188
0
569340890
298721254
412431589
146650255
608968565
363168172
769566882
663773928
12286030
831015928
155308395
830506564
703432525
579859230
921536239
553343629
478852114
141787422
984014147
294068009
31688179
138567246
199446686
787176071
543642718
191191232
568788873
57488166
469529501
201626008
509079809
270868158
402292209
337722790
634178819
304333367
252459967
285345767
639880492
778782795
333116985
550026305
166575391
553778706
152821285
139622069
338249947
176498562
510542028
849631723
60344528
116718249
111309164
850949121
1
424026042
210959915
935563829
792626550
215822584
572518490
137182800
233276237
96993575
324401413
880990083
699690042
528986611
195959477
10530871
700227586
356804213
580954327
406413058
927744819
337141204
493909309
215485828
551442134
291482453
778307695
871258029
510828613
424781243
785514622
740465625
9054099
623408656
129750990
729302717
824188494
479675259
308903069
341689043
188307570
194537106
266199329
711313068
645517582
0
930712194
721703230
397547950
480975219
751670996
577062933
827616264
155631822
546440149
818706024
850073165
178493870
926821934
488809029
266717858
406004432
552433144
938252999
396566180
3537855
444075114
714443352
891632473
670503040
517022094
472315343
945406191
140649540
826001833
924196207
407615434
308738233
556609329
419365382
735544987
574450556
544353445
117660047
440383440
711490832
728454344
0
75946733
247656620
103536810
442804258
412374475
383686954
446933167
791898708
665765375
826014729
510579993
917144854
955436166
850174105
560821015
233093361
696883777
5755880
303661422
516495197
949217242
974685611
411095750
732991682
74844332
750695026
436611394
883150871
261893563
983189121
706712433
582047636
412122860
217563106
163810480
778475171
926253111
379275809
561392768
132716862
298451900
379199405
209291554
87703076
893636017
541516672
350356598
761708380
174567691
289764215
152619001
633820634
796362074
875426034
29280982
141888645
571177769
687247000
495420861
914115873
822333745
432870916
589624077
243797262
268107565
534622875
0
180727098
126733171
56512741
96685226
492646285
397234933
345915625
363833712
567859433
300395452
903480609
59797893
177590077
415673829
940999919
409267413
740702983
167325667
733692597
24778718
346548482
0
21118168
71238136
712768003
171528189
746296333
487147528
276016042
835041326
942689400
900964137
701660059
105893155
388733355
228335002
103909273
793316589
480844561
524388139
835767425
970433268
357072665
240477168
367609653
56553787
332342245
144785648
850696820
474475921
958375476
847711067
703188758
277661944
620515997
9708663
514522001
781651543
940510183
903049561
353946201
664693202
701616710
588314463
389784609
793223731
654942149
110705856
975142452
669293826
230174540
841892516
300486199
599843598
569169735
766607552
685701777
972428533
420285790
798832645
455524441
405206094
918132338
591103845
330228795
280392813
687190902
0
623747853
713471528
153268219
453578283
644808834
853938167
762287914
315288237
138663175
516047532
0
342809388
230916920
507985771
62874823
177379840
203452618
931912997
599835070
218318949
828324834
706365297
673868004
692924342
900764234
161659184
716217044
676702046
786478306
878307640
199185826
640610596
201981937
613821401
855018302
979681707
110412534
242738699
868828036
124374242
934729193
595992558
0
693533903
518062538
900200368
640168469
332898966
265742663
662514651
520600631
321625641
252813965
20702509
97396846
679969951
831673895
12668883
170398066
655005673
578188915
819127432
130117491
822171120
739148738
294241547
481484203
739135816
161278419
268679184
321296639
780552756
796058543
486581095
90981446
361207254
586577386
821608231
212222606
726539792
880823953
113525330
47259326
121726008
965733944
733094180
872855973
633925025
628040163
177566185
62831930
553045048
194527786
914318032
796282744
748121959
148523700
542152298
838808328
292102779
163385146
220245364
24253013
13185847
110403388
474847970
800263490
469993626
980804801
74433451
118826505
373896349
427490940
188770577
635064108
611824370
583310603
16146548
403987674
37111570
534676795
411494716
29477430
855958349
87117086
179521303
661545070
791997889
501293644
721459834
67193377
120693014
99053272
206724182
745651239
157342116
234106884
996826500
949285978
553732560
223698337
787597216
991693381
530853075
457551967
664513958
117047966
656169321
944927961
753910735
526019801
364761099
391368139
264798568
782135245
22412394
144867490
698467761
335843346
445597283
832233496
850393879
115815221
575287378
765363310
733774150
506616853
271028798
459360050
606172911
782084269
730199912
294750104
582186423
650226496
496252733
34524808
425561117
924015772
499102211
32417173
934768503
678024099
881303858
359944081
963560795
268287545
866581669
481112514
837199206
470742412
813812110
927152585
546895098
908150699
256394487
817762271
810666670
782021788
932078899
0
254379972
650870527
649948605
103000032
917726854
942496175
690146168
816786900
220840213
385013563
644881044
0
996338969
890055938
303361857
876299433
687121732
706191893
868154812
690994350
28206
615706669
651087563
391463684
644425588
1066736
329541790
131788247
513191528
877674213
483254512
501021081
355460049
98447024
979677654
545594535
884341103
221282365
83088565
791215927
77536321
943454358
238709188
13371413
414424535
988569773
761244808
269131704
690797614
376864093
854452999
876986919
953051120
186681215
280789284
257550636
235859385
781760570
10768723
194987477
456206650
402950096
957656050
588512979
974851952
714894067
320027073
214451522
168188442
734025018
119108721
198348007
639608336
829486556
477216112
439763803
650482843
348175951
291392144
150259322
109256040
930404807
887357247
290972085
463455661
357198491
234535001
410489228
0
308323304
834314548
436421589
68634592
957476124
215363597
565551705
506209734
221896354
98947644
627681159
179105737
636548576
929470033
704391941
946053163
349583890
134376295
747669031
785185603
458517282
756317698
90663486
596612826
815346889
530660331
598705277
324985863
5741160
541714379
736803728
520697217
214231373
144240026
895902060
151536344
887604615
665236826
480517894
388439580
670282405
893541495
12486286
33573019
70055918
785995878
710546231
548764211
47145704
677810868
628155471
73475592
59568088
859577357
555197306
307529793
615364576
815430532
538703912
551138760
250179085
454179560
513262565
174594085
257060591
603110427
462016648
705413878
990827974
340849448
314331285
94922764
247181173
554883695
322981672
650214661
941315689
584187839
401796067
382044849
82387780
953470474
501913982
741785926
776608583
529007005
867299188
679250246
679867316
738420534
846772863
981101369
436118247
13482636
336455032
765269173
950464842
754905739
987429705
766118830
806027989
845888377
23418365
168472945
626060213
902260038
881297377
603417602
461906681
298117839
261578456
372493151
860070784
55630251
608456984
637863237
91104983
302328522
609741423
131434373
804368820
647463963
31225748
541392303
143881029
196310249
49730624
100044684
475496272
616426124
193209603
238694947
878251838
409381150
271417892
365740931
329334671
502076966
601319255
763873710
819191279
583049290
556739625
656262239
1094394
12903475
731989728
860651286
833683711
973690142
419447763
133006364
298105417
614315236
428194895
24792954
624702941
998063737
415392485
546478284
478614266
803622089
402704182
632495059
864132411
454316385
404016139
226721555
146435941
778862029
562614558
149340522
332903159
473464910
902456655
572671190
135338666
770638965
488707876
955564467
387015869
145045454
246834368
450173093
844125026
952990317
390787378
460839959
153716180
897357894
0
664179146
574956885
73514886
21651171
587319585
522988209
512871341
190929604
144873116
388638229
747487015
437681973
151275120
745922241
759974698
470270188
190434929
947791567
276307327
190130222
21767793
940676570
878033431
187644757
40750002
529313825
738268911
128987364
933064404
785873943
668502044
585471969
76007008
273382451
214077360
678913611
8012544
664015987
491400588
380918723
567222832
837030026
278208556
559973865
609511902
198039581
694092007
244478082
629516702
768982887
823183170
680831511
590942444
25333636
936572241
837583674
592417514
940894976
696656345
724377935
300313834
571751849
78829639
232594682
287578958
284338670
60735736
37328596
462150483
344207808
440629951
600373259
814104470
306858569
42296925
955816053
916968349
257897285
412427537
51060040
555792638
410795845
612615033
0
549320133
953361036
446675778
657739601
74255836
219376821
86513314
243199562
200583837
448735656
463336773
682636586
371493633
973799287
678295644
54064628
916384651
710748783
546396066
745055727
318998406
991584095
754241633
791891217
38570454
629924183
916104583
515640525
177424796
784809490
888620173
588111014
900688453
648089852
282248329
13864868
281503502
495567835
503153954
588778282
433091546
768337970
270076282
78701250
876672484
824131740
134708082
703704859
601183249
392330053
144871130
611194049
36480830
330528692
877932695
439069111
510546519
712552183
994642002
50407945
336081907
258793999
184958367
884768503
657855346
776201026
548272927
242270394
279090149
480428793
112026428
682005507
630763171
793998640
537375361
150023276
451942890
257128066
455297909
605769405
911328351
630473889
872487593
559345210
14482404
6213833
147593988
275957618
433341411
850583497
942252859
294052092
419065513
297978969
980536296
352849626
982812634
12657117
573763501
90751792
433273094
652046825
618121001
642638146
106851026
955574742
596760818
965346151
209557121
105462688
128376830
821362531
313202855
736289463
211958977
327446644
361427523
826161089
121293865
823702757
250579397
374263435
5957252
0
883563206
390114017
194445221
502245575
520520092
508735585
791767729
378171379
795889864
627882754
242212217
58954648
567530981
615033996
627830253
492032806
398710324
325253084
372597108
392532927
887155229
384855544
65236857
942412837
21223044
808988090
214497777
713357617
870447297
90102055
299541636
210871373
71589308
113648723
404016626
994873176
91252682
259031096
70615390
95236559
288322641
370848319
45365167
568969629
832530543
699751851
985334650
152598247
985230190
705914617
421909628
616864927
48372881
201497994
871168038
925374765
616878743
972747580
226278957
432764009
400032995
232332819
580953289
192898245
814397479
282168150
547487255
373644021
570260428
662843282
538015556
728238097
662420468
991668939
21000004
526782834
253336897
531646414
179816220
528985655
623871308
386795678
125102612
321056469
372330013
728301031
541067326
192981405
464058817
911264815
190242578
174184735
479360962
356767000
740536893
247291633
82479402
831461215
926655261
994791198
914736444
172203475
389701752
813767476
327046604
30708514
276435726
995878671
195028749
845462842
810001163
919242906
770719261
764133571
430739109
143553878
436860989
156145087
53025385
115274159
216003559
206481050
506046918
966937242
782297019
704288677
346753422
717072362
844755384
808010540
941690379
6703825
171640409
360585569
812831886
377630558
203691414
909375926
916522860
610595150
357997270
194972790
415327848
401816313
677148219
494170794
970093793
56126624
71819238
852341893
766007528
779332592
88202303
115679564
364676626
665317976
653070326
473681281
191696843
191055222
322539246
828693362
729333917
911022696
557723040
10621451
601740393
540017805
347523581
221191378
453650287
639110947
783679
663872024
205722810
851909949
104285328
676429427
13408558
0
744593183
101034371
69337212
470026273
55585629
27807359
992920291
194460265
614646965
681421259
43715166
871200143
620585621
217039396
817470822
684209688
758877615
636661385
395526381
782260436
660960583
143344845
551058391
586845005
20917823
827795627
424140892
535373820
35896326
267370998
622999365
550403992
128145136
519488135
828721649
562236931
590433827
96022062
707735877
772021882
316434114
150674149
912295471
301982708
996961118
500401076
773907356
62047202
328133021
405220442
385068165
937785652
291350196
794248238
353906576
175518573
249762159
294060060
9652438
140596146
885689880
105468602
931727760
561693192
534996233
290985937
298279268
251360992
382437352
667534664
486225753
160602491
100715863
775938923
945660842
795718736
330416858
860220486
172622958
479891233
60177936
676089309
115347102
922864599
330566762
457126599
271256269
574049003
168471410
399062398
996475966
282213643
795770234
240919444
909160671
47988369
458869327
163593751
200881956
491214999
395913776
673803537
54784451
829595100
608176939
103930776
339936671
974691722
686147981
773459841
4203647
160505174
374833160
856160630
742166242
112995615
636090827
404886925
360318244
261901734
346789391
582769166
805603811
285323115
29494683
174858396
5694685
504033153
388754841
701161818
13985016
360522081
985406654
0
96785355
384484693
943436360
818588635
638351252
438659948
476083354
0
650384738
592611046
204944838
809568646
891674170
596432529
511738264
106918121
987440169
206375629
617550296
438866643
317921410
590031996
476243046
102899339
998482334
284563581
351533273
792760449
139442427
968649531
362480770
453278248
430573272
398402856
284754532
180611465
848074938
348889357
982706334
195609417
210317136
99866513
925991872
32201369
74057342
285089648
880320950
165278789
938064192
760832892
166010271
518710500
993870927
707801549
481371629
631128444
528497816
481137023
566589860
217262282
977355194
567107084
650560695
227542896
184325915
86189913
686905696
743884089
135516352
805677355
357447858
150893795
861432171
951828934
801879316
134445369
252936513
652989174
544549855
82320528
753693962
288060412
197632736
470510139
0
396267062
123128085
303033163
896180730
924279518
959535486
421971517
480700365
930604042
118987874
218534098
312997643
480828801
639558176
297583413
891789574
0
913535417
751685885
28187119
292191076
662772087
796158579
996025125
770082698
745312764
414390388
100376675
614593867
154395428
34114634
602071897
765356095
576152196
448504667
301683382
121727334
701595573
997565267
717448565
231382231
723134762
385632536
531867549
976070440
161507012
847418941
83204489
368587200
545984401
973871067
576798641
0
23503816
853495336
445002071
699132261
764064454
103227208
997344547
927843127
548067817
766348667
759439155
966423853
209485454
201763375
450743500
77615878
840878292
776480149
448292869
83585392
293561073
702207364
534682302
303810740
460037194
60573600
262733258
729484996
525990490
952816833
709675151
123301764
33704870
871361049
110942130
245475176
277042370
866526965
411279332
566432986
276987218
0
531875964
856855650
441798734
79985266
435449764
75585780
820250575
164241966
246054611
366724990
638576339
934071697
432803409
147170696
468808710
146096704
168985110
719081058
173975172
118789199
697269813
5387620
370429616
228018331
263603200
178127468
16913277
416009001
576324144
765987227
427427232
542125586
742245116
879229613
672241855
664542002
801455871
895844766
430970788
338304074
399638269
710271557
270179852
651421988
630256281
258935802
657007978
491469831
627461580
419707020
944603228
0
208656245
935862361
422030746
406268775
147437525
707576179
499019103
701623068
620104956
69667364
75636937
842291140
424572641
261792531
655767095
42927904
62483962
298367767
674229676
381924330
539428136
117057641
938605052
325650671
760653666
468212094
0
486781089
0
476354828
57069985
250628968
785461073
401807884
229542179
302810472
536022448
957050941
787666717
250068228
583169797
979754907
535711033
442886760
590491071
0
909101963
119337163
811215164
801440643
550707617
552974820
129160433
208439627
5124574
912568739
505678902
640955387
651549166
638511662
50122033
695194395
522856553
796957241
0
131308243
965181233
51634254
247253601
0
46557910
91606866
179341533
570583746
600315317
547496096
678759705
481844138
194888267
695931344
157872403
618551415
652302832
625184062
947193761
857721409
278168430
864372925
128658415
108252754
836787023
747168610
997845360
546816425
447006469
553030857
265137800
776719834
697624069
393123959
776127372
637571178
650156330
697174014
85998091
553574398
606952426
778245638
371552071
47019758
594392528
978169409
629239928
481462804
704915270
311590617
924014089
886426715
907572314
927915904
880799872
876965376
794130327
470556455
139006412
666396783
446352153
550738023
663041810
791401843
94455930
656372636
303957431
511268726
882398262
68720705
471021509
151036974
241721701
0
470720262
784468512
803758330
253611828
181552202
317069766
508035516
96329784
543175870
515988825
778316497
690377905
38059460
911632702
805580154
267285557
136261252
563276881
833748020
486445300
611145237
587347976
279944408
954141319
524910469
840236087
627614020
901227495
932851780
46349581
256681485
290773457
961084063
320800985
115352952
673861830
354223601
58563731
356598296
344804066
282996046
886435599
294727254
985055245
882469663
261353215
285036938
741497064
48222977
880101073
40605805
669248204
958869846
291001118
876019450
117335467
307248829
96610595
125334704
964562028
507960582
579696792
170176431
938185262
130794930
294283189
525014400
0
410257498
729229865
720153840
304500445
855783652
599213575
940317211
353957939
76686443
393799774
608261546
995645356
763696197
573335875
215345476
436557377
531528849
319008738
717954863
674185290
429649712
644917205
538569919
0
858861136
761173519
873088210
847689993
783212441
795337903
224485585
872388692
324494277
764197761
136142983
376119712
465910469
688787346
316354996
989724230
258106133
488390333
955105174
125695255
769514092
954843584
926337226
61375482
800152679
125509266
237649904
669786316
732683624
709312793
333738527
601259025
712482940
373953546
226108028
78423703
857014076
317158649
196068732
310582087
389952866
45869377
569253776
486482429
584529971
332419157
727060602
898081000
867234878
895277229
920966941
657348171
68151123
724239264
58348179
187431925
559642503
7402156
327430294
239785508
863162425
502535062
307831478
377580039
797451678
644375952
170053670
338866575
87720965
734897546
109330322
287276943
546229108
184468187
420386492
264297418
637214489
604891474
701485326
667346909
259800138
189255801
970635965
240876280
426096744
231831270
60909917
998525185
769667981
42265225
299420489
569270350
143162198
917152338
569101864
455913164
831919723
433123517
665711948
89703059
540105373
976983579
539476903
302042347
766140351
982113805
473238070
64705085
542261142
979307942
41891539
397500180
912317660
998070202
58514098
108879394
965315035
545019879
846274298
423272598
542737853
244755869
466524297
238596392
58234406
394228862
959317729
917862779
565614819
287142331
877659161
720722016
582171120
854747061
452825843
469916889
826321875
374405150
818553074
744911113
619173484
280536715
664145581
832769358
355642658
162680137
0
971452119
524484333
130492999
181650241
418803086
888819943
160310246
732025872
380797105
41837982
878000646
391321424
794566180
97182517
633658449
518809812
481872495
456050015
139315937
755562049
23600627
0
83048349
619104698
711504598
277546510
872724521
607760526
182989883
886945109
707487264
485742414
684712258
378872214
63035984
122956762
937930958
246499454
548413341
321561331
812741954
15867189
962156992
71858634
878538187
95358834
367787319
970148042
294618698
797713191
357062740
140044942
409999362
140475712
89010566
539063624
143160243
394432770
564084845
658822752
775828037
603477664
783041961
640318892
16527542
642404974
808046559
0
393358279
889187362
732393497
84669481
561540486
664809384
255306326
995310075
562690649
218034830
926570993
913523777
37080680
300319507
668348287
577057830
816064427
936481561
832092939
323862308
555996775
924407378
3627837
587504024
196371401
786189311
344339508
580947456
529321959
749567145
856429843
830059639
107294467
747201403
408476293
378283625
509588926
493945576
447530667
212591892
615485716
48825468
851260974
398982082
265358083
122497715
388045028
35751047
142992953
819822316
884847198
138699808
596699977
67879575
392869274
693944533
313972841
0
71838823
397255901
486762508
95933512
491110963
11533739
417698376
215078293
484676048
804641116
15824170
106822453
935764087
674984733
856735720
570188716
732047559
119898945
212780206
913331561
625805382
423040828
973077504
164437691
939212735
468519928
626089122
737810933
458256991
96587486
279619348
873480924
643522690
354339705
719567326
296753030
772508620
756521170
50772431
502290092
