192.168.101.120
00:15:37 created non
00:15:53 DELE non
00:16:10 RNFR non
00:16:10 RNTO 1010153220
00:29:10 created 1010153220
00:29:37 created 1010153220
00:33:28 created 1010153220
00:48:12 created 1010153220
00:50:42 RNFR 1010153220
00:50:42 RNTO 1010153220
00:55:47 created 1010153220
01:00:10 created 1010153220
01:16:07 created 1010153219
01:16:07 created 1010153219
01:16:07 created 1010153219
01:29:02 created 1010153220

192.168.101.17
00:16:41 created 1010151210
01:14:56 created 1010151210
01:15:01 created 1010151210
01:15:05 created 1010151210

192.168.101.135
00:16:44 created 1010151110
00:29:11 created 1010151110
00:35:47 created 1010151110
00:42:14 created 1010151110
00:53:48 created 1010151110
01:00:48 created 1010151110
01:12:40 created 1010151110

192.168.101.22
00:16:56 created 1010153213
00:23:06 created 1010153213
00:36:15 created 1010153213
00:41:26 created 1010153213
01:12:11 created 1010153213
01:18:21 created 1010153213
01:25:38 created 1010153213

192.168.101.24
00:18:28 created 1010153217
00:32:49 created 1010153217
00:33:07 created 1010153217
00:38:45 created 1010153217
00:42:00 created 1010185321
01:08:34 created 1010153217
01:27:04 created 1010153217
01:34:55 created 1010153217

192.168.101.49
00:19:23 created non
00:19:59 CWD non
00:19:59 CWD non
00:20:48 DELE non
00:45:04 created 1010153109
00:45:06 created 1010153109
01:00:05 created 1010153109
01:08:01 created 1010153109
01:24:49 created 1010153109

192.168.101.96
00:20:15 created non
00:21:05 created 1010151203
00:21:10 DELE non
00:35:44 created 1010151203
00:36:07 DELE non
01:02:37 created 1010151203
01:10:22 created 1010151203
01:30:51 created 1010151203
01:33:46 CWD 1010151203
01:33:46 CWD 1010151203

192.168.101.52
00:20:42 created 1010153116
00:36:38 created 1010153116
00:40:07 created 1010153116
00:41:27 DELE 1010153116
00:44:39 created 1010153116
00:44:45 CWD 1010153116
00:44:45 CWD 1010153116
00:44:49 created 1010153116
00:44:59 created 1010153116
00:52:10 created 1010153116
00:53:12 created 1010153116
00:56:07 created 1010153116
01:17:27 created 1010153116
01:29:22 created 1010153116
01:38:52 created 1010153116

192.168.101.95
00:21:05 created 1010151212
00:38:54 created 1010151212
00:48:08 created 1010151212
01:01:47 created 1010151212
01:06:26 created 1010151212
01:06:26 created 1010151212
01:06:28 created 1010151212
01:06:28 created 1010151212
01:19:56 created 1010151212

192.168.101.71
00:22:39 created 1010151209
01:21:04 created 1010151209
01:27:24 created 1010151209
01:32:36 created 1010151209

192.168.101.46
00:22:47 created 1010153113
00:22:53 created 1010153113
00:22:59 created 1010153113
00:23:02 created 1010153113
00:58:51 created 1010153113
00:58:55 created 1010153113
00:58:59 created 1010153113
01:06:18 created 1010153113
01:11:22 created 1010153113
01:18:30 created 1010153113
01:26:01 created 1010153113

192.168.101.27
00:23:29 PASS non
00:25:22 PASS non
00:27:58 created 1010153127
00:40:38 created 1010153127
00:42:42 created 1010153127
00:42:46 created 1010153127
00:53:16 created 1010153127
01:11:51 created 1010153127

192.168.101.26
00:24:51 created 1010153216
00:31:53 created 1010153216
00:37:09 created 1010153216
00:37:13 CWD 1010153216
00:37:13 CWD 1010153216
00:37:17 CWD 1010153216
00:37:17 CWD 1010153216
00:41:39 created 1010153216
00:42:13 created 1010153216
01:07:43 created 1010153216
01:15:40 created 1010153216
01:15:49 created 1010153216
01:16:58 created 1010153216
01:30:25 created 1010153216

192.168.101.134
00:25:29 created 1010151125
00:41:49 created 1010151125
00:50:44 created 1010151125
00:59:45 created 1010151125
01:21:28 created 1010151125

192.168.101.110
00:26:42 created 1010151111
00:26:42 created 1010151111
00:26:43 created 1010151111
00:26:43 created 1010151111
00:26:47 CWD 1010151111
00:26:47 CWD 1010151111
00:26:53 DELE 1010151111
00:26:58 DELE 1010151111
00:27:02 DELE 1010151111
00:29:30 CWD 1010151111
00:29:30 CWD 1010151111
00:29:43 CWD 1010151111
00:29:43 CWD 1010151111
01:02:16 created 1010151111
01:02:16 created 1010151111
01:02:17 created 1010151111

192.168.101.25
00:26:44 created 1010153215
00:37:31 created 1010153215
00:47:15 created 1010153215
00:54:55 created 1010153215
01:19:12 created 1010153215
01:28:57 created 1010153215
01:44:30 created 1010153215

192.168.101.23
00:27:29 created 1010153108
00:39:54 created 1010153108
00:40:06 CWD 1010153108
00:40:06 CWD 1010153108
00:40:22 CWD 1010153108
00:40:22 CWD 1010153108
00:40:26 CWD 1010153108
00:40:26 CWD 1010153108
00:40:30 CWD 1010153108
00:40:30 CWD 1010153108
00:40:49 DELE 1010153108
00:40:55 DELE 1010153108
00:43:36 created 1010153108
00:51:20 created 1010153108
01:11:58 created 1010153108
01:36:21 created 1010153108

192.168.101.19
00:28:18 created 1010153235

192.168.101.133
00:29:03 created 1010151120
00:29:25 RNFR 1010151120
00:29:25 RNTO 1010151120
00:29:53 CWD 1010151120
00:29:53 CWD 1010151120
00:30:04 CWD 1010151120
00:30:04 CWD 1010151120
00:42:32 created 1010151120
00:55:15 created 1010151120
01:08:23 created 1010151120
01:22:27 created 1010151120

192.168.101.37
00:29:10 created 1010153231
01:01:58 created 1010153231
01:09:16 CWD 1010153231
01:09:16 CWD 1010153231
01:15:13 created 1010153231
01:22:05 created 1010153231
01:24:49 created 1010153231
01:24:53 CWD 1010153231
01:24:53 CWD 1010153231

192.168.101.73
00:29:23 created 1010151222
00:49:07 created 1010151222
00:49:15 RNFR 1010151222
00:49:15 RNTO 1010151222
01:27:24 created 1010151222
01:38:45 created 1010151222

192.168.101.119
00:29:31 created 1010151123
00:33:32 created 1010151123
00:46:19 created 1010151123
00:46:23 created 1010151123
01:11:51 created 1010151123
01:23:46 CWD 1010151123
01:23:46 CWD 1010151123
01:23:51 CWD 1010151123
01:23:51 CWD 1010151123

192.168.101.33
00:29:32 created 1010153230
00:29:37 DELE 1010153230
00:30:13 DELE 1010153230
00:58:05 created 1010153230
01:19:33 created 1010153230

192.168.101.82
00:30:06 created non
00:30:06 created non
00:30:07 created non
00:30:07 created non
00:32:48 created 1010153122
00:32:48 created 1010153122
00:32:49 created 1010153122
00:32:49 created 1010153122
01:08:11 created 1010153122
01:08:11 created 1010153122
01:15:23 created 1010153122

192.168.101.77
00:30:16 created 1010153107
00:30:19 created 1010153107
00:30:19 created 1010153107
00:30:20 created 1010153107
01:13:32 created 1010153107
01:20:46 created 1010153107
01:27:12 created 1010153107
01:27:23 CWD 1010153107
01:27:23 CWD 1010153107

192.168.101.38
00:30:58 created 1010153234
00:31:00 created 1010153234
01:00:41 created 1010153234
01:00:43 created 1010153234
01:00:47 created 1010153234

192.168.101.50
00:31:40 created 1010153112
00:54:07 created 1010153112
00:59:36 created 1010153112
01:04:39 created 1010153112
01:37:18 created 1010153112

192.168.101.32
00:32:00 created 1010151218
00:58:19 created 1010151218
01:07:02 created 1010151218
01:21:41 created 1010151218

192.168.101.45
00:32:06 created 1010153103
00:32:14 created non
00:32:21 DELE non
00:32:39 created 1010153103
00:32:45 created 1010153103
00:32:53 created 1010153103
01:12:46 created 1010153103
01:12:51 created 1010153103
01:21:39 created 1010153103

192.168.101.43
00:32:37 created 1010153101
00:32:45 created 1010153101
00:32:52 created 1010153101
00:32:55 created 1010153101
01:00:40 created 1010153101
01:07:47 created 1010153101
01:20:00 created 1010153101

192.168.101.30
00:32:39 created 1010153135
00:36:21 DELE 1010153135
00:42:35 created 1010153135
00:48:54 created 1010153207
00:48:54 created 1010153207
00:48:54 created 1010153207
00:48:55 created 101053207_
00:49:15 created 1010153207
00:49:18 sent 1010153207
00:53:14 created 1010153135
00:58:03 created 1010153135
01:25:32 created 1010153207

192.168.101.76
00:33:26 created 1010151215
00:33:34 CWD 1010151215
00:33:34 CWD 1010151215
00:59:01 created 1010151215
00:59:03 created 1010151215
00:59:33 created 1010151215
01:10:34 created 1010151215

192.168.101.21
00:34:11 created 1010153214
00:34:24 created 1010153214
00:34:36 created 1010153214
00:34:46 created 1010153214
01:12:59 created 1010153214
01:13:02 created 1010153214
01:13:06 created 1010153214

192.168.101.74
00:34:17 created 1010151214
00:34:38 CWD 1010151214
00:34:38 CWD 1010151214
00:51:50 created 1010151214
00:53:50 CWD 1010151214
00:53:50 CWD 1010151214
01:25:42 created 1010151214
01:38:16 created 1010151214

192.168.101.62
00:34:25 created 1010153123
00:53:36 created 1010153123
01:02:52 created 1010153123
01:10:13 created 1010153123
01:10:13 created 1010153123
01:10:13 created 1010153123
01:10:14 created 1010153123
01:10:22 CWD 1010153123
01:10:22 CWD 1010153123

192.168.101.109
00:34:40 created 1010151107
00:34:40 created 1010151107
00:34:40 created 1010151107
00:34:41 created 1010151107
01:03:46 created 1010151107
01:03:46 created 1010151107
01:03:46 created 1010151107

192.168.101.105
00:34:40 created 1010151103
00:34:42 created 1010151103
00:46:25 created 1010151103
00:47:37 created 1010151103
00:47:39 created 1010151103
00:59:42 created 1010151103

192.168.101.111
00:34:46 created 1010151101
00:34:53 created 1010151101
00:35:01 created 1010151101
00:35:15 created 1010151101
01:21:34 created 1010151101
01:21:41 created 1010151101
01:21:47 created 1010151101

192.168.101.4
00:34:49 created non
00:35:04 created 1010153130
00:35:04 created 1010153130
00:35:05 created 1010153130
00:35:05 created 1010153130
00:35:07 created 1010153130
00:35:07 created 1010153130
00:35:07 created 1010153130
00:35:08 created 1010153130
00:35:08 created 1010153130
00:35:08 created 1010153130
00:35:09 created 1010153130
00:35:09 created 1010153130
00:35:09 created 1010153130
00:38:00 created 1010153130
00:46:25 created 1010153130
00:52:34 created 1010153130
00:53:51 created 1010153130
00:53:58 created 1010153130
00:54:04 created 1010153130
01:00:45 created 1010153130
01:36:21 created 1010153130
01:38:30 DELE 1010153130

192.168.101.68
00:35:15 created non
00:35:29 CWD non
00:35:29 CWD non
00:35:38 CWD non
00:35:38 CWD non
00:35:50 CWD non
00:35:50 CWD non
00:36:03 CWD non
00:36:03 CWD non
00:36:24 RNFR non
00:36:24 RNTO 1010151211
00:44:03 created non
00:44:19 RNFR non
00:44:19 RNTO 1010151211
00:44:32 RNFR non
00:44:32 RNTO 1010151211
01:10:15 created non
01:10:29 RNFR non
01:10:29 RNTO 1010151211
01:18:18 CWD 1010151211
01:18:18 CWD 1010151211
01:22:31 created non
01:22:43 RNFR non
01:22:43 RNTO 1010151211

192.168.101.42
00:35:29 created 1010153211
00:35:29 created 1010153211
00:35:30 created 1010153211
00:35:30 created 1010153211
01:30:25 created 1010153211

192.168.101.137
00:35:34 created 1010151219
00:35:47 CWD 1010151219
00:35:47 CWD 1010151219
01:04:42 CWD 1010151219
01:04:42 CWD 1010151219
01:05:12 created 1010151219
01:28:39 created 1010151219
01:36:40 created 1010151219

192.168.101.41
00:35:35 created 1010153210
00:35:35 created 1010153210
00:35:36 created 1010153210
00:35:36 created 1010153210

192.168.101.59
00:36:03 created 1010153106
00:36:07 created 1010153106
00:36:12 created 1010153106
00:36:18 created 1010153106
01:00:19 DELE 1010153106
01:00:24 CWD 1010153106
01:00:24 CWD 1010153106
01:01:00 CWD 1010153106
01:01:00 CWD 1010153106
01:01:10 DELE 1010153106
01:01:26 created 1010153106
01:01:29 created 1010153106

192.168.101.99
00:36:08 created non
00:36:49 RNFR non
00:36:49 RNTO 1010151117
00:37:11 created 1010151117
00:37:19 created 1010151117
00:41:53 created 1010151117
00:58:14 created 1010151117
01:05:22 created 1010151117
01:11:57 created 1010151117

192.168.101.69
00:36:22 created non
00:40:00 RNFR non
01:06:10 created non
01:06:29 RNFR non
01:17:58 created non
01:18:21 RNFR non
01:21:22 created non
01:21:44 RNFR non
01:24:11 created non
01:24:33 RNFR non
01:24:40 DELE non
01:24:45 DELE non
01:25:14 RNTO 1010151224
01:25:27 RNTO 1010151224
01:25:40 RNTO 1010151224
01:25:54 RNTO 1010151224

192.168.101.107
00:36:36 created 1010151115
00:36:49 created 1010151115
00:36:59 created 1010151115
00:37:00 created non
00:37:00 created non
00:37:00 created non
00:37:02 created non
00:37:53 created 1010151115
00:38:04 created 1010151115
00:38:51 CWD 1010151115
00:38:51 CWD 1010151115
00:38:57 CWD 1010151115
00:38:57 CWD 1010151115
00:48:57 created 1010151115
00:57:24 created 1010151115
01:04:24 created 1010151115

192.168.101.18
00:36:41 created 1010151116
00:36:46 created 1010151116
00:36:50 created 1010151116
00:36:59 created 1010151116
00:37:02 CWD 1010151116
00:37:02 CWD 1010151116
00:38:54 CWD 1010151116
00:38:54 CWD 1010151116
00:39:09 CWD 1010151116
00:39:09 CWD 1010151116
00:39:26 CWD 1010151116
00:39:26 CWD 1010151116
01:18:50 created 1010151116
01:19:40 CWD 1010151116
01:19:40 CWD 1010151116
01:29:31 created 1010151116
01:30:42 CWD 1010151116
01:30:42 CWD 1010151116

192.168.101.44
00:36:43 created 1010153102
00:36:46 created 1010153102
00:36:56 created 1010153102
00:36:59 created 1010153102
01:00:17 created 1010153102
01:05:37 created 1010153102
01:19:20 created 1010153102

192.168.101.97
00:36:45 created 1010151106
00:36:45 created 1010151106
00:36:46 created 1010151106
00:36:46 created 1010151106
00:36:46 created 1010151106
00:36:47 created 1010151106
00:36:47 created 1010151106
01:06:33 created 1010151106
01:06:33 created 1010151106
01:06:33 created 1010151106
01:06:34 created 1010151106
01:27:31 created 1010151106
01:27:31 created 1010151106
01:27:32 created 1010151106

192.168.101.72
00:36:46 created 1010151217
00:57:10 created 1010151217
01:16:44 created 1010151217
01:41:09 created 1010151217

192.168.101.94
00:36:53 created 1010151205
00:40:09 created 1010151205
00:48:21 created 1010151205
01:03:02 created 1010151205
01:37:40 created 1010151205
01:37:40 created 1010151205
01:37:40 created 1010151205
01:37:42 created 1010151205

192.168.101.103
00:37:06 created 1010151108
00:49:25 created 1010151108
00:59:07 created 1010151108
01:04:30 created 1010151108
01:31:09 created 1010151108

192.168.101.80
00:37:11 created 1010153205
00:37:11 created 1010153205
00:37:12 created 1010153205
00:37:12 created 1010153205
00:38:12 CWD 1010153205
00:38:12 CWD 1010153205
01:19:00 created 1010153205
01:26:10 created 1010153205
01:35:47 created 1010153205

192.168.101.131
00:37:46 created 1010153226
00:38:11 created 1010153226
00:53:32 created 1010153226
00:59:40 created 1010153226
01:05:45 created 1010153226

192.168.101.106
00:37:47 created 1010151102
00:39:04 created 1010151102
00:44:46 created 1010151102
00:55:39 created 1010151102
01:22:14 created 1010151102

192.168.101.81
00:39:37 created 1010153202
00:39:37 created 1010153202
00:39:37 created 1010153202
00:39:38 created 1010153202
00:39:38 created 1010153202
00:39:39 created 1010153202
00:39:39 created 1010153202
00:39:39 created 1010153202
00:39:40 created 1010153202
00:39:40 DELE 1010153202
00:39:57 DELE 1010153202
00:40:02 DELE 1010153202
00:40:07 DELE 1010153202
00:42:24 DELE 1010153202
00:42:36 DELE 1010153202
00:42:39 created 1010153202
00:42:39 created 1010153202
00:42:40 created 1010153202
00:42:40 created 1010153202
00:42:57 DELE 1010153202
00:43:02 DELE 1010153202

192.168.101.3
00:39:41 created 1010153121
00:59:11 created 1010153121
01:20:07 created 1010153121
01:39:03 created 1010153121
01:39:44 created 1010153121
01:39:52 created 1010153121

192.168.101.64
00:40:11 created 1010151223
00:41:55 DELE 1010151223
00:42:00 created 1010151223
00:58:33 created 1010151223
01:08:12 created 1010151223
01:18:12 created 1010151223
01:28:21 created 1010151223
01:28:21 created 1010151223
01:28:21 created 1010151223
01:28:23 created 1010151223

192.168.101.53
00:40:15 created 1010153115
00:40:27 created 1010153115
00:40:41 CWD 1010153115
00:40:41 CWD 1010153115
00:49:02 created 1010153115
00:49:41 CWD 1010153115
00:49:41 CWD 1010153115
00:55:41 created 1010153115
01:07:43 created 1010153115
01:19:03 created 1010153115
01:24:57 created 1010153115
01:38:53 created 1010153115

192.168.101.79
00:40:41 created 1010153204
00:40:47 created 1010153204
00:40:51 created 1010153204
00:40:55 created 1010153204
01:20:03 created 1010153204
01:26:22 created 1010153204
01:38:03 created 1010153204

192.168.101.104
00:40:49 created 1010151119
00:41:04 created 1010151119
00:42:50 created 1010151119
00:45:46 DELE 1010151119
00:46:41 created 1010151119
00:46:43 CWD 1010151119
00:46:43 CWD 1010151119
00:46:53 created 1010151119
00:52:44 created 1010151119

192.168.101.92
00:41:39 created 1010153131
00:41:39 created 1010153131
00:41:40 created 1010153131
00:41:40 created 1010153131
01:33:40 created 1010153131
01:33:46 created 1010153131
01:33:49 created 1010153131
01:33:57 CWD 1010153131
01:33:57 CWD 1010153131

192.168.101.70
00:42:51 created 1010151208
00:44:19 created 1010151208
00:54:28 created 1010151208
01:00:04 created 1010151208
01:00:15 created 1010151208
01:00:33 created 1010151208
01:12:32 created 1010151208
01:12:39 DELE 1010151208
01:12:53 RNFR 1010151208
01:12:53 RNTO 1010151208
01:20:52 created 1010151208

192.168.101.100
00:43:02 created 1010151118
00:43:03 created 1010151118
00:43:03 created 1010151118
00:43:04 created 1010151118
00:43:04 created 1010151118
00:43:04 created 1010151118
00:43:05 created 1010151118
00:43:05 created 1010151118
00:43:06 created 1010151118
00:43:06 created 1010151118
00:43:06 created 1010151118
00:43:07 created 1010151118
00:43:07 created 1010151118
00:43:13 created 1010151118
00:43:13 created 1010151118
00:43:15 DELE 111111111.
00:43:43 created 111111111/
00:43:43 created 111111111/
00:43:44 created 111111111/
00:43:44 created 111111111/
00:43:44 created 111111111/
00:43:45 created 111111111/
00:43:45 created 111111111/
00:43:46 created 111111111/
00:43:46 created 111111111/
00:43:46 created 111111111/
00:43:47 created 111111111/
00:43:47 created 111111111/
00:43:48 created 111111111/
00:48:38 created 1010151118
00:48:38 created 1010151118
00:48:38 created 1010151118
00:48:39 created 1010151118
00:48:39 created 1010151118
00:48:40 created 1010151118
00:48:40 created 1010151118
00:48:40 created 1010151118
00:48:41 created 1010151118
00:48:41 created 1010151118
00:48:43 created 1010151118
00:48:43 created 1010151118
00:48:43 created 1010151118
00:50:18 created 1010151118
00:50:18 created 1010151118
00:50:18 created 1010151118
00:50:19 created 1010151118
00:50:19 created 1010151118
00:50:19 created 1010151118
00:50:20 created 1010151118
00:50:20 created 1010151118
00:50:21 created 1010151118
00:50:21 created 1010151118
00:50:21 created 1010151118
00:50:23 created 1010151118
00:50:23 created 1010151118
01:08:10 created 123/101015
01:08:10 created non
01:08:10 created non
01:08:11 created non
01:08:11 created non
01:08:12 created non
01:08:12 created 123/Debug/
01:08:12 created 123/Debug/
01:08:14 created 123/Debug/
01:08:14 created 123/Debug/
01:08:14 created 123/Debug/
01:08:15 created 123/Debug/
01:08:15 created 123/Debug/
01:14:07 created 1234/10101
01:14:07 created 1234/10101
01:14:08 created 1234/1234.
01:14:08 created 1234/1234.
01:14:08 created 1234/1234.
01:14:09 created 1234/1234.
01:14:09 created 1234/1234.
01:14:10 created 1234/Debug
01:14:10 created 1234/Debug
01:14:10 created 1234/Debug
01:14:11 created 1234/Debug
01:14:11 created 1234/Debug
01:14:11 created 1234/Debug
01:14:13 created 1234/Debug

192.168.101.15
00:43:12 created 1010153114
00:43:43 created 1010153114
00:44:01 created 1010153114
01:06:10 CWD 1010153114
01:06:10 CWD 1010153114
01:06:26 created 1010153114
01:06:31 created 1010153114
01:17:25 DELE 1010153114
01:18:26 created 1010153114
01:18:31 created 1010153114
01:18:35 CWD 1010153114
01:18:35 CWD 1010153114

192.168.101.115
00:43:39 created 1010151112
00:43:39 created 1010151112
00:43:40 created 1010151112
00:43:40 created 1010151112
01:24:11 created 1010151112
01:24:11 created 1010151112
01:24:12 created 1010151112
01:33:54 created 1010151112

192.168.101.91
00:43:54 created 1010153133
00:43:54 created 1010153133
00:43:54 created 1010153133
00:43:55 created 1010153133
00:43:55 created 1010153133
00:43:56 created 1010153133
00:43:56 created 1010153133
00:43:57 created 1010153133
00:43:57 created 1010153133
00:43:57 created 1010153133
00:43:58 created 1010153133
00:43:58 created 1010153133
00:43:58 created 1010153133
00:43:59 created 1010153133
00:43:59 created 1010153133
00:44:01 created 1010153133
00:44:01 created 1010153133
00:44:01 created 1010153133
00:44:02 created 1010153133
00:44:02 created 1010153133
00:44:03 created 1010153133
00:44:03 created 1010153133
00:44:04 created 1010153133
00:44:04 created 1010153133
00:44:05 created 1010153133
00:44:05 created 1010153133
00:44:05 created 1010153133
00:44:06 created 1010153133
00:44:06 created 1010153133
00:44:07 created 1010153133
00:44:07 created 1010153133
01:37:23 created 1010153133
01:37:23 created 1010153133
01:37:23 created 1010153133

192.168.101.118
00:44:38 created 1010153206
00:44:48 created 1010153206
00:45:01 created 1010153206
00:49:22 created 1010153206
00:49:29 CWD 1010153206
00:49:29 CWD 1010153206

192.168.101.112
00:45:15 created 1010151109
00:45:15 created 1010151109
00:45:15 created 1010151109
00:45:16 created 1010151109
01:23:00 created 1010151109
01:23:00 created 1010151109
01:23:00 created 1010151109

192.168.101.7
00:45:47 created 1010151220
01:11:50 created 1010151220
01:22:08 created 1010151220
01:22:12 CWD 1010151220
01:22:12 CWD 1010151220
01:22:16 CWD 1010151220
01:22:16 CWD 1010151220
01:22:22 CWD 1010151220
01:22:22 CWD 1010151220
01:23:05 created 1010151220
01:23:08 CWD 1010151220
01:23:08 CWD 1010151220

192.168.101.83
00:45:57 created 1010153201
00:46:06 created 1010153201
00:46:21 created 1010153201
00:46:29 created 1010153201
00:46:36 sent 1010153201

192.168.101.6
00:47:51 created 1010151221
00:48:18 CWD 1010151221
00:48:18 CWD 1010151221
01:10:15 created 1010151221
01:18:05 created 1010151221
01:35:41 created 1010151221

192.168.101.84
00:48:15 created non
00:48:25 created non
00:48:33 created non
00:48:40 created non
00:49:08 RNFR non
00:49:08 RNTO 1010153203
00:49:19 RNFR non
00:49:19 RNTO 1010153203
00:49:29 RNFR non
00:49:29 RNTO 1010153203
00:49:38 RNFR non
00:49:38 RNTO 1010153203
00:50:15 RNFR 1010153203
00:50:15 RNTO 1010153203

192.168.101.127
00:48:41 created 1010151202
00:48:45 created 1010151202
00:48:47 created 1010151202
00:48:49 created 1010151202

192.168.101.89
00:49:02 created 1010153132
00:49:08 created 1010153132
00:49:13 created 1010153132
00:49:23 created 1010153132
00:49:33 CWD 1010153132
00:49:33 CWD 1010153132
01:40:23 created 1010153132
01:40:26 created 1010153132
01:40:38 created 1010153132

192.168.101.114
00:49:18 created 1010151113
00:49:18 created 1010151113
00:49:18 created 1010151113
00:49:19 created 1010151113
01:24:29 created 1010151113
01:25:22 created 1010151113
01:31:28 created 1010151113

192.168.101.236
00:49:47 created 1010151121
00:57:36 created 1010151121
00:57:56 DELE 1010151121
01:06:52 created 10101511_1
01:22:36 created 1010151121
01:30:58 created 1010151121

192.168.101.85
00:55:12 created 1010153221
00:55:12 created 1010153221
00:55:13 created 1010153221
00:55:13 created 1010153221

192.168.101.58
00:55:18 created 1010153104
00:55:18 created 1010153104
00:55:18 created 1010153104
00:55:19 created 1010153104
01:07:16 DELE 1010153104
01:07:43 created 1010153104
01:07:46 CWD 1010153104
01:07:46 CWD 1010153104
01:07:56 created 1010153104

192.168.101.78
00:57:39 created 1010153110
00:57:41 created 1010153110
00:57:45 created 1010153110
00:57:48 created 1010153110
01:30:31 created 1010153110

192.168.101.51
00:58:03 created 1010153119
00:58:03 created 1010153119
00:58:04 created 1010153119
00:58:04 created 1010153119

192.168.101.8
00:58:46 created 1010151216
01:05:10 created 1010151216
01:05:17 CWD 1010151216
01:05:17 CWD 1010151216
01:17:02 created 1010151216
01:21:34 created 1010151216
01:22:06 CWD 1010151216
01:22:06 CWD 1010151216

192.168.101.34
00:59:29 created 1010153232

192.168.101.113
01:00:41 created 1010151114
01:00:41 created 1010151114
01:00:41 created 1010151114
01:00:42 created 1010151114

192.168.101.60
01:00:45 created 1010153124
01:00:51 created 1010153124
01:00:56 created 1010153124
01:01:00 created 1010153124
01:01:09 CWD 1010153124
01:01:09 CWD 1010153124
01:03:33 created 1010153124
01:03:36 created 1010153124
01:03:40 created 1010153124
01:03:43 created 1010153124

192.168.101.86
01:01:18 created 1010153223
01:01:18 created 1010153223
01:01:18 created 1010153223
01:01:19 created 1010153223
01:01:24 CWD 1010153223
01:01:24 CWD 1010153223
01:01:32 CWD 1010153223
01:01:32 CWD 1010153223

192.168.101.39
01:01:24 created 1010153228
01:01:34 created 1010153228
01:01:39 created 1010153228
01:01:44 created 1010153228

192.168.101.102
01:01:59 created 1010151104
01:02:34 created 1010151104
01:03:02 created 1010151104
01:03:22 created 1010151104

192.168.101.36
01:04:38 created 1010153229
01:05:06 created 1010153229
01:05:08 created 1010153229
01:27:51 created 1010153229
01:27:54 created 1010153229
01:27:57 created 1010153229
01:36:54 created 1010153229
01:36:56 created 1010153229
01:36:59 created 1010153229
01:37:01 created 1010153229

192.168.101.88
01:04:44 created 1010153225
01:04:44 created 1010153225
01:04:45 created 1010153225
01:04:45 created 1010153225

192.168.101.40
01:04:59 created 1010153227
01:05:10 created 1010153227
01:05:14 created 1010153227
01:05:17 created 1010153227
01:33:33 created 1010153227
01:38:00 created 1010153227

192.168.101.14
01:06:26 created 1010153125
01:06:28 created 1010153125
01:06:28 created 1010153125
01:06:29 created 1010153125
01:16:27 created 1010153125
01:16:27 created 1010153125
01:16:28 created 1010153125
01:16:28 created 1010153125
01:23:46 created 1010153125
01:23:54 DELE 1010153125
01:24:02 CWD 1010153125
01:24:02 CWD 1010153125
01:24:14 RNFR 1010153125
01:24:14 RNTO 1010153129
01:24:16 CWD 1010153129
01:24:16 CWD 1010153129
01:25:11 created 1010153129
01:25:14 created 1010153129
01:25:17 created 1010153129
01:25:18 created 1010153129

192.168.101.123
01:08:05 created 1010153222
01:08:07 created 1010153222
01:08:09 created 1010153222
01:08:26 CWD 1010153222
01:08:26 CWD 1010153222
01:08:29 CWD 1010153222
01:08:29 CWD 1010153222
01:24:44 created 1010153222

192.168.101.116
01:10:13 created 1010153208
01:10:13 created 1010153208
01:10:14 created 1010153208
01:10:26 created 1010153208

192.168.101.121
01:11:45 created 1010153224
01:11:45 created 1010153224
01:11:45 created 1010153224
01:11:46 created 1010153224
01:11:46 created 1010153224
01:11:46 created 1010153224
01:25:07 created 1010153224
01:36:58 created 1010153224
01:37:25 RNFR 1010153224
01:37:25 RNTO 1010153224

192.168.101.28
01:12:32 created 1010151204
01:12:39 created 1010151204
01:12:44 created 1010151204
01:12:46 created 1010151204

192.168.101.16
01:14:56 created 1010151225
01:14:56 created 1010151225
01:14:57 created 1010151225
01:14:57 created 1010151225

192.168.101.54
01:15:30 created 1010153120
01:15:30 created 1010153120
01:15:31 created 1010153120
01:15:31 created 1010153120
01:15:58 created 1010153120
01:15:58 created 1010153120
01:15:59 created 1010153120
01:15:59 created 1010153120
01:38:45 created 1010153120
01:38:57 created 1010153120

192.168.101.61
01:16:06 created 1010153128
01:16:06 created 1010153128
01:16:06 created 1010153128
01:16:07 created 1010153128
01:25:18 created 1010153128
01:25:18 created 1010153128
01:25:18 created 1010153128
01:25:19 created 1010153128

192.168.101.122
01:18:41 created 1010153218
01:18:41 created 1010153218
01:18:42 created 1010153218
01:18:56 created 1010153218
01:18:56 created 1010153218
01:18:56 created 1010153218
01:37:48 created 1010153218

192.168.101.55
01:19:17 created 1010153134
01:19:30 created 1010153134
01:19:53 created 1010153134
01:20:09 created 1010153134
01:37:48 created 1010153134

192.168.101.48
01:19:48 created 1010153111
01:19:58 created 1010153111
01:20:05 created 1010153111
01:20:09 created 1010153111

192.168.101.57
01:21:44 created 1010153105
01:21:52 created 1010153105
01:22:00 created 1010153105
01:22:19 created 1010153105
01:22:27 created 1010153105
01:22:34 created 1010153105
01:22:44 created 1010153105
01:29:42 CWD 1010153105
01:29:42 CWD 1010153105
01:31:02 CWD 1010153105
01:31:02 CWD 1010153105

192.168.101.117
01:22:33 created 1010153209
01:22:43 created 1010153209
01:22:50 created 1010153209
01:22:56 created 1010153209
01:22:59 CWD 1010153209
01:22:59 CWD 1010153209

192.168.101.124
01:24:47 created 1010153219

192.168.101.126
01:25:37 created 1007150233
01:25:57 created 1007150233

192.168.101.128
01:25:40 created 1010151122
01:25:53 created 1010151122
01:26:05 created 1010151122
01:26:18 created 1010151122

192.168.101.56
01:28:48 created 1010151206
01:28:48 created 1010151206
01:28:48 created 1010151206
01:28:49 created 1010151206
01:29:10 CWD 1010151206
01:29:10 CWD 1010151206

192.168.101.5
01:31:57 created 1010153233
01:32:00 created 1010153233
01:32:07 created 1010153233
01:32:12 created 1010153233

192.168.101.67
01:34:08 created 1010151201
01:34:11 created 1010151201
01:34:13 created 1010151201
01:34:15 created 1010151201
01:34:18 created 1010151201

192.168.101.63
01:37:36 MKD 1010151213
01:37:36 CWD 1010151213
01:37:36 CWD 1010151213
01:37:36 CWD 1010151213
01:37:36 created 1010151213
01:37:36 CWD 1010151213
01:37:36 created 1010151213
01:37:36 CWD 1010151213
01:37:37 created 1010151213
01:37:37 CWD 1010151213
01:37:37 created 1010151213
01:37:43 CWD 1010151213

192.168.101.130
01:38:42 created 1010153212
01:38:42 created 1010153212
01:38:42 created 1010153212
01:38:44 created 1010153212
01:39:14 created 1010153212
01:39:14 created 1010153212
01:39:15 created 1010153212
01:39:15 created 1010153212
01:39:15 created 1010153212
01:39:16 created 1010153212

192.168.101.129
01:40:09 created 1010151124
01:40:21 created 1010151124
01:40:28 created 1010151124

